{"name": "test_login_Invalid_password", "status": "failed", "statusDetails": {"message": "AssertionError: assert 'Please fill ...and Password.' == 'Please enter...word properly'\n  - Please enter Password properly\n  + Please fill out Username and Password.", "trace": "self = <Web.Tests.test_signUp.Test_Contact_Page object at 0x0000020DE2792490>\n\n    @allure.description('SignUp page test null password')\n    @pytest.mark.sanity\n    @allure.severity(allure.severity_level.NORMAL)\n    def test_login_Invalid_password(self):\n        driver = self.driver\n        signin = SignUp_Steps(driver)\n        signin.click_on_signup_button()\n        signin.wait = WebDriverWait(self.driver, 10)\n        signin.enter_User_name(\"Henok\")\n        signin.enter_password(\"\")\n        signin_button = SignUp_Steps(driver)\n        signin_button.click_login()\n        alert = driver.switch_to.alert\n>       assert alert.text == \"Please enter Password properly\"\nE       AssertionError: assert 'Please fill ...and Password.' == 'Please enter...word properly'\nE         - Please enter Password properly\nE         + Please fill out Username and Password.\n\ntest_signUp.py:75: AssertionError"}, "description": "SignUp page test null password", "steps": [{"name": "click_on_signup_button", "status": "passed", "start": 1675640463412, "stop": 1675640465589}, {"name": "enter_User_name", "status": "passed", "steps": [{"name": "assertion", "status": "passed", "parameters": [{"name": "expected_chrome", "value": "'Henok'"}, {"name": "actual", "value": "'Henok'"}, {"name": "expected_firefox", "value": "None"}], "start": 1675640467800, "stop": 1675640467800}], "parameters": [{"name": "User_name", "value": "'Henok'"}], "start": 1675640465589, "stop": 1675640467800}, {"name": "enter_password", "status": "passed", "steps": [{"name": "assertion", "status": "passed", "parameters": [{"name": "expected_chrome", "value": "''"}, {"name": "actual", "value": "''"}, {"name": "expected_firefox", "value": "None"}], "start": 1675640469885, "stop": 1675640469885}], "parameters": [{"name": "User_password", "value": "''"}], "start": 1675640467800, "stop": 1675640469885}], "attachments": [{"name": "stdout", "source": "a84d147f-7712-4c50-83c2-e6da7a774bfe-attachment.txt", "type": "text/plain"}], "start": 1675640463412, "stop": 1675640471930, "uuid": "3ec5b1a5-4108-4ffb-a45d-4f9b57f64d00", "historyId": "bd22f5769e1f9d7aa3347754d6be5f52", "testCaseId": "a3b687fe22d8d72f35fd57b7f3422131", "fullName": "test_signUp.Test_Contact_Page#test_login_Invalid_password", "labels": [{"name": "severity", "value": "normal"}, {"name": "tag", "value": "sanity"}, {"name": "suite", "value": "test_signUp"}, {"name": "subSuite", "value": "Test_Contact_Page"}, {"name": "host", "value": "DESKTOP-4H4LEB1"}, {"name": "thread", "value": "8008-MainThread"}, {"name": "framework", "value": "pytest"}, {"name": "language", "value": "cpython3"}, {"name": "package", "value": "test_signUp"}]}