{"name": "test_login_Invalid_userName", "status": "failed", "statusDetails": {"message": "AssertionError: assert 'Please fill ...and Password.' == 'Please enter...name properly'\n  - Please enter User name properly\n  + Please fill out Username and Password.", "trace": "self = <Web.Tests.test_signUp.Test_Contact_Page object at 0x0000020DE2793950>\n\n    @allure.description('SignUp page test null user name')\n    @pytest.mark.sanity\n    @allure.severity(allure.severity_level.NORMAL)\n    def test_login_Invalid_userName(self):\n        driver = self.driver\n        signin = SignUp_Steps(driver)\n        signin.click_on_signup_button()\n        signin.wait = WebDriverWait(self.driver, 10)\n        signin.enter_User_name(\"\")\n        signin.enter_password(\"12345\")\n        signin_button = SignUp_Steps(driver)\n        signin_button.click_login()\n        alert = driver.switch_to.alert\n>       assert alert.text == \"Please enter User name properly\"\nE       AssertionError: assert 'Please fill ...and Password.' == 'Please enter...name properly'\nE         - Please enter User name properly\nE         + Please fill out Username and Password.\n\ntest_signUp.py:59: AssertionError"}, "description": "SignUp page test null user name", "steps": [{"name": "click_on_signup_button", "status": "passed", "start": 1675640447558, "stop": 1675640449742}, {"name": "enter_User_name", "status": "passed", "steps": [{"name": "assertion", "status": "passed", "parameters": [{"name": "expected_chrome", "value": "''"}, {"name": "actual", "value": "''"}, {"name": "expected_firefox", "value": "None"}], "start": 1675640451926, "stop": 1675640451926}], "parameters": [{"name": "User_name", "value": "''"}], "start": 1675640449743, "stop": 1675640451926}, {"name": "enter_password", "status": "passed", "steps": [{"name": "assertion", "status": "passed", "parameters": [{"name": "expected_chrome", "value": "'12345'"}, {"name": "actual", "value": "'12345'"}, {"name": "expected_firefox", "value": "None"}], "start": 1675640454025, "stop": 1675640454025}], "parameters": [{"name": "User_password", "value": "'12345'"}], "start": 1675640451926, "stop": 1675640454025}], "attachments": [{"name": "stdout", "source": "95cca9c6-5a33-47e3-a6ac-c93e931b97e1-attachment.txt", "type": "text/plain"}], "start": 1675640447558, "stop": 1675640456069, "uuid": "ebe65158-6f71-4cc7-8b37-e84220f51041", "historyId": "dd8d6a695fd151e5a510d10dfdc6cccd", "testCaseId": "d95767d66ce45b5b9744ea8e37a3bdb5", "fullName": "test_signUp.Test_Contact_Page#test_login_Invalid_userName", "labels": [{"name": "severity", "value": "normal"}, {"name": "tag", "value": "sanity"}, {"name": "suite", "value": "test_signUp"}, {"name": "subSuite", "value": "Test_Contact_Page"}, {"name": "host", "value": "DESKTOP-4H4LEB1"}, {"name": "thread", "value": "8008-MainThread"}, {"name": "framework", "value": "pytest"}, {"name": "language", "value": "cpython3"}, {"name": "package", "value": "test_signUp"}]}