{"name": "test_login_Invalid_UserName_and_Password", "status": "failed", "statusDetails": {"message": "AssertionError: assert 'Please fill ...and Password.' == 'Please enter...word properly'\n  - Please enter User name and password properly\n  + Please fill out Username and Password.", "trace": "self = <Web.Tests.test_signUp.Test_Contact_Page object at 0x0000020DE2793410>\n\n    @allure.description('SignUp page  null UserName and Password')\n    @pytest.mark.sanity\n    @allure.severity(allure.severity_level.NORMAL)\n    def test_login_Invalid_UserName_and_Password(self):\n        driver = self.driver\n        signin = SignUp_Steps(driver)\n        signin.click_on_signup_button()\n        signin.wait = WebDriverWait(self.driver, 10)\n        signin.enter_User_name(\"\")\n        signin.enter_password(\"\")\n        signin_button = SignUp_Steps(driver)\n        signin_button.click_login()\n        alert = driver.switch_to.alert\n>       assert alert.text == \"Please enter User name and password properly\"\nE       AssertionError: assert 'Please fill ...and Password.' == 'Please enter...word properly'\nE         - Please enter User name and password properly\nE         + Please fill out Username and Password.\n\ntest_signUp.py:43: AssertionError"}, "description": "SignUp page  null UserName and Password", "steps": [{"name": "click_on_signup_button", "status": "passed", "start": 1675640432443, "stop": 1675640434499}, {"name": "enter_User_name", "status": "passed", "steps": [{"name": "assertion", "status": "passed", "parameters": [{"name": "expected_chrome", "value": "''"}, {"name": "actual", "value": "''"}, {"name": "expected_firefox", "value": "None"}], "start": 1675640436708, "stop": 1675640436708}], "parameters": [{"name": "User_name", "value": "''"}], "start": 1675640434499, "stop": 1675640436708}, {"name": "enter_password", "status": "passed", "steps": [{"name": "assertion", "status": "passed", "parameters": [{"name": "expected_chrome", "value": "''"}, {"name": "actual", "value": "''"}, {"name": "expected_firefox", "value": "None"}], "start": 1675640438795, "stop": 1675640438795}], "parameters": [{"name": "User_password", "value": "''"}], "start": 1675640436709, "stop": 1675640438796}], "attachments": [{"name": "stdout", "source": "444d2c9f-f45f-4252-8e80-6f493bae31b0-attachment.txt", "type": "text/plain"}], "start": 1675640432443, "stop": 1675640440840, "uuid": "6257ba07-7fdc-4ba4-b89d-4bf6e74cc298", "historyId": "f4c39d0e0c036d0d79d4d3601a3e4793", "testCaseId": "6f792f22831ae6f95ee2e47002a3ff4e", "fullName": "test_signUp.Test_Contact_Page#test_login_Invalid_UserName_and_Password", "labels": [{"name": "severity", "value": "normal"}, {"name": "tag", "value": "sanity"}, {"name": "suite", "value": "test_signUp"}, {"name": "subSuite", "value": "Test_Contact_Page"}, {"name": "host", "value": "DESKTOP-4H4LEB1"}, {"name": "thread", "value": "8008-MainThread"}, {"name": "framework", "value": "pytest"}, {"name": "language", "value": "cpython3"}, {"name": "package", "value": "test_signUp"}]}